0.395107 1.54765 0.913642 0.472483 3.40822 1.97404 0.0226477 0.833666 0.199528 0.233014 
0.0491788 0.16969 0.22777 0.0892658 0.0164185 0.00512299 0.117105 0.0161434 0.060965 0.248341 
0.148282 0.117344 0.0692998 0.209273 0.170442 0.0270873 0.00848984 0.114249 0.0885929 0.0469401 
0.0735755 0.09728 0.145028 0.123105 0.156907 0.0745316 0.0505498 0.052796 0.0486255 0.177602 
0.105798 0.171953 0.21177 0.218456 0.0497764 0.0614445 0.0167578 0.00891678 0.0458241 0.109303 
0.127318 0.0114317 0.170126 0.16493 0.0497618 0.102992 0.00456289 0.175948 0.123224 0.0697047 
0.026319 0.129256 0.0462862 0.124314 0.128089 0.149051 0.134838 0.042293 0.0784013 0.141153 
0.149342 0.0842696 0.179127 0.0902609 0.138467 0.171072 0.0226343 0.0437466 0.0986087 0.0224716 
0.0540728 0.000558284 0.0312968 0.135089 0.155502 0.178012 0.178057 0.0819447 0.125885 0.0595808 
0.203479 0.0254529 0.103855 0.080128 0.0507444 0.0197625 0.206157 0.103554 0.181251 0.0256166 
0.0557783 0.0344011 0.102796 0.0459799 0.184734 0.154895 0.0785099 0.105828 0.138758 0.0983209 
0.163988 0.0584739 0.0607759 0.140156 0.0447589 0.0308367 0.161304 0.183826 0.0756375 0.080243 
0.0411211 0.13024 0.0827341 0.112779 0.0638867 0.0611456 0.13269 0.156627 0.177911 0.0408653 
0.11691 0.100753 0.0725655 0.0321204 0.120648 0.102401 0.1517 0.120795 0.0722153 0.109891 
0.171477 0.163214 0.0169722 0.0783506 0.100091 0.133175 0.117345 0.013408 0.0376942 0.168272 
0.157963 0.124837 0.152898 0.0173184 0.098315 0.141773 0.0324558 0.0871077 0.0613523 0.125981 
0.00719375 0.0919735 0.184885 0.098862 0.0947373 0.0274399 0.0648145 0.153182 0.09657 0.180342 
0.0140104 0.200089 0.0419025 0.185188 0.0799374 0.128814 0.0974943 0.0860293 0.072676 0.0938591 
0.0380137 0.159165 0.109929 0.157299 0.108189 0.184528 0.12007 0.000572985 0.0682002 0.0540337 
0.195966 0.169887 0.205096 0.0849785 0.000331829 0.0669661 0.156066 0.0307514 0.0810385 0.00891874 
0.049181 0.161076 0.244332 0.00425178 0.049486 0.234144 0.154866 0.00976953 0.0912593 0.00163488 
0.106087 0.00415772 0.100966 0.121499 0.0556387 0.161873 0.0873424 0.0144372 0.177482 0.170516 
0.0841674 0.0346291 0.0717327 0.184134 0.146432 0.107957 0.12061 0.0900685 0.120656 0.0396127 
0.0648686 0.0814275 0.00702361 0.158324 0.142266 0.105582 0.130684 0.134681 0.130734 0.0444105 
0.0936466 0.135748 0.0348432 0.133825 0.07058 0.0353749 0.145786 0.0227085 0.180431 0.147057 
0.0992785 0.0360717 0.174361 0.107086 0.181499 0.112808 0.00962926 0.163613 0.0155461 0.100108 
0.0679084 0.148768 0.0549667 0.167037 0.10017 0.0924524 0.130755 0.0137385 0.0627911 0.161414 
0.138804 0.178277 0.152636 0.0506098 0.137629 0.0600812 0.0901421 0.100521 0.0169206 0.0743799 
0.149059 0.0819074 0.16069 0.161037 0.0669639 0.0136287 0.036105 0.0875509 0.12985 0.113209 
0.0740699 0.0418285 0.105852 0.110486 0.130919 0.130637 0.116683 0.0601678 0.122144 0.107213 
0.139117 0.060063 0.0110544 0.157799 0.165957 0.0306874 0.109505 0.0475036 0.128589 0.149724 
0.098308 0.156162 0.136286 0.0998981 0.0222209 0.146176 0.0762149 0.100437 0.107662 0.0566348 
0.062385 0.127109 0.153231 0.0556725 0.178231 0.0318935 0.165159 0.0114722 0.111824 0.103023 
0.0159336 0.00545719 0.163692 0.127269 0.0166366 0.138924 0.178783 0.141466 0.0520832 0.159755 
0.11106 0.036545 0.149394 0.150476 0.0635068 0.0767187 0.172179 0.0541365 0.0566613 0.129323 
0.0991088 0.177555 0.0294479 0.0994299 0.150206 0.116691 0.121604 0.157179 0.0207288 0.0280499 
0.0451075 0.165147 0.0882939 0.0783847 0.161667 0.0776604 0.0893008 0.111335 0.0484886 0.134615 
0.0404185 0.127585 0.0563232 0.141204 0.15464 0.106739 0.133812 0.114094 0.0296684 0.095516 
0.061423 0.0710898 0.164712 0.0491787 0.0677417 0.219997 0.126711 0.186094 0.0269333 0.0261187 
0.114492 0.00412889 0.160635 0.162876 0.121924 0.128753 0.157007 0.0233576 0.0785124 0.0483146 
0.172415 0.124868 0.125072 0.0224252 0.0293887 0.0706419 0.111826 0.166392 0.138788 0.0381839 
0.217121 0.0063065 0.0478865 0.058707 0.0236058 0.154119 0.160212 0.0766303 0.0484183 0.206994 
0.00483444 0.12724 0.0653118 0.0759168 0.179529 0.0938148 0.0281822 0.0912085 0.176126 0.157836 
0.00411629 0.108372 0.170138 0.18122 0.135743 0.078668 0.060321 0.0623708 0.0963079 0.102744 
0.0484498 0.0534472 0.199015 0.106235 0.0743021 0.0821239 0.115491 0.118874 0.190014 0.0120479 
0.140291 0.136995 0.12545 0.00902218 0.0753453 0.00531871 0.183338 0.179387 0.0373484 0.107505 
0.0879058 0.182714 0.0985826 0.147274 0.00539368 0.053441 0.170079 0.149364 0.00741545 0.0978297 
0.195818 0.124808 0.0346232 0.0943693 0.0468943 0.0774402 0.0380935 0.0384769 0.179521 0.169956 
0.103054 0.135158 0.00129537 0.0791499 0.174567 0.185481 0.109218 0.0350074 0.161575 0.0154938 
0.177842 0.0230407 0.0424035 0.0149063 0.161396 0.108243 0.0612894 0.0285987 0.240749 0.141531 
0.0151556 0.269192 0.123977 0.0424881 0.0429948 0.0322687 0.248048 0.217379 0.00552837 0.00296818 
