0.4 0.4 2.4 0.4 0.4 2.4 0.4 0.4 2.4 0.4 
0.134374 0.145089 0.120114 0.0426642 0.193954 0.0435726 0.138849 0.100258 0.0060166 0.0751083 
0.0126823 0.0173149 0.202167 0.202429 0.180869 0.0109853 0.0556726 0.0191113 0.182333 0.116436 
0.13452 0.198976 0.195017 0.0282714 0.0453005 0.0434707 0.00243001 0.176057 0.0672662 0.108691 
0.13037 0.210242 0.0344412 0.0146075 0.0180928 0.225731 0.0575815 0.155034 0.0903845 0.0635155 
0.184512 0.084349 0.0669325 0.180134 0.0802101 0.0431438 0.00151377 0.13095 0.0605618 0.167692 
0.0530031 0.203229 0.179669 0.0451409 0.0255991 0.0193764 0.0893996 0.0280731 0.198624 0.157885 
0.108863 0.0840402 0.107305 0.13268 0.0941415 0.119816 0.126805 0.13396 0.0650533 0.0273359 
0.0266523 0.103046 0.167116 0.122926 0.0908228 0.0111648 0.184983 0.0930002 0.199519 0.000769569 
0.0597077 0.255609 0.25439 0.0263258 0.0543165 0.028707 0.0505103 0.1659 0.0637462 0.0407876 
0.0868969 0.195449 0.143933 0.0151598 0.157011 0.0549225 0.172391 0.110864 0.0181641 0.0452085 
0.1585 0.0421735 0.13603 0.0703214 0.146192 0.212884 0.079769 0.0731316 0.0619884 0.0190091 
0.0653978 0.102105 0.0152487 0.0628351 0.1229 0.0581521 0.0855101 0.162797 0.189193 0.135862 
0.154645 0.0546295 0.0947544 0.102549 0.0661393 0.0525877 0.144248 0.0356494 0.136759 0.158039 
0.101052 0.125339 0.037992 0.0060816 0.19672 0.186387 0.222173 0.0446406 0.0275697 0.0520445 
0.0628773 0.100767 0.166179 0.0800511 0.171535 0.0754031 0.145545 0.0386497 0.0295613 0.129432 
0.144611 0.0150932 0.156197 0.0732226 0.124983 0.0541447 0.129575 0.106631 0.0923459 0.103197 
0.0878649 0.142662 0.0198434 0.1119 0.146509 0.144294 0.082379 0.139627 0.0251008 0.0998203 
0.039376 0.102757 0.0269756 0.206957 0.183483 0.199958 0.0518713 0.0991314 0.00780911 0.081682 
0.182818 0.160079 0.0810823 0.165019 0.0539975 0.0300727 0.0386395 0.0078731 0.143525 0.136893 
0.100497 0.0590885 0.111826 0.121646 0.0212161 0.11084 0.118299 0.109015 0.10252 0.145052 
0.0712982 0.158201 0.0706987 0.0937392 0.138096 0.031066 0.0678117 0.181248 0.113533 0.0743081 
0.0513227 0.101255 0.0444669 0.127714 0.083383 0.0953406 0.156047 0.119787 0.102758 0.117925 
0.10691 0.057098 0.0138422 0.0360555 0.00160037 0.0470205 0.20939 0.1866 0.217501 0.123982 
0.162364 0.0608891 0.0778765 0.0119368 0.176876 0.0108423 0.0503759 0.0228765 0.235107 0.190855 
0.0888542 0.0523423 0.0711289 0.136081 0.00387995 0.159687 0.0532356 0.169613 0.102806 0.162372 
0.0988713 0.163281 0.0187885 0.108129 0.0230435 0.0198589 0.139578 0.16309 0.144663 0.120697 
0.0653506 0.0740064 0.130253 0.108405 0.0806056 0.0965129 0.114399 0.108456 0.10916 0.112852 
0.205171 0.102313 0.0465846 0.0043126 0.0169334 0.0534828 0.288221 0.111581 0.0277194 0.143682 
0.0536972 0.165358 0.104199 0.0812426 0.0829311 0.137982 0.110357 0.0466104 0.136131 0.0814909 
0.144153 0.00960708 0.139966 0.142649 0.137661 0.0798155 0.101288 0.117429 0.0525632 0.074868 
0.0886547 0.139394 0.114743 0.10921 0.141297 0.122215 0.132809 0.124045 0.0270208 0.000611615 
0.0659735 0.0908067 0.152954 0.161765 0.165494 0.00768282 0.0671033 0.0454362 0.0505325 0.192251 
0.0985198 0.0282779 0.168589 0.0805458 0.0134346 0.147924 0.173698 0.131648 0.103647 0.0537162 
0.0564608 0.0503572 0.0709838 0.000640375 0.25571 0.0650946 0.230447 0.233862 0.0267663 0.00967833 
0.179565 0.0822528 0.0924592 0.115343 0.0262849 0.0399846 0.12254 0.0891447 0.0825475 0.169877 
0.0639782 0.202385 0.209586 0.0488695 0.0828636 0.0104749 0.00925414 0.0738147 0.166601 0.132172 
0.0931438 0.143123 0.11653 0.131214 0.143467 0.108021 0.0204728 0.121407 0.0877931 0.0348282 
0.16422 0.0884448 0.120072 0.0594693 0.00453031 0.144005 0.0958765 0.116107 0.0362361 0.171038 
0.0841589 0.0950586 0.164433 0.0792284 0.139208 0.0450194 0.0886916 0.147569 0.111705 0.0449277 
0.124161 0.071161 0.0709663 0.0578217 0.0382699 0.0659858 0.303887 0.0849058 0.0107559 0.172086 
0.097689 0.177924 0.194733 0.0257594 0.0426953 0.00212193 0.176171 0.142837 0.123394 0.0166758 
0.141186 0.0131234 0.128783 0.106711 0.104653 0.0651672 0.158721 0.207115 0.0112096 0.0633309 
0.0296206 0.0815442 0.09548 0.0707403 0.115048 0.117655 0.108974 0.0988804 0.166851 0.115207 
0.00906376 0.099684 0.137571 0.00543115 0.135537 0.196997 0.00838455 0.106069 0.121132 0.180131 
0.151766 0.0225934 0.230317 0.0143389 0.175905 0.0582226 0.107964 0.0814886 0.0333348 0.124069 
0.108397 0.0521738 0.163932 0.00639261 0.126743 0.0825541 0.130415 0.0389627 0.186786 0.103644 
0.144586 0.174394 0.159717 0.0534087 0.178006 0.0671871 0.0017515 0.000914308 0.137727 0.082309 
0.155338 0.0528071 0.122393 0.0881714 0.0632604 0.0155595 0.130617 0.141969 0.0749664 0.154919 
0.15029 0.129784 0.139311 0.121247 0.134579 0.0823727 0.0311628 0.0803943 0.111598 0.0192618 
0.0110675 0.144276 0.0223467 0.251036 0.224521 0.0153426 0.0775315 0.227152 0.0167163 0.0100099 
