0.395107 1.54765 0.913642 0.472483 3.40822 1.97404 0.0226477 0.833666 0.199528 0.233014 
0.0861667 0.140961 0.102916 0.0497299 0.107101 0.0880742 0.0829163 0.163415 0.0491395 0.129579 
0.0882316 0.128963 0.0670397 0.149334 0.0474562 0.059038 0.135297 0.15394 0.0116843 0.159016 
0.158834 0.0259861 0.0580424 0.200273 0.268822 0.105354 0.0193777 0.00604632 0.138211 0.0190529 
0.0391638 0.159534 0.148287 0.139858 0.0438293 0.0887153 0.0616692 0.124955 0.0842406 0.109747 
0.0947778 0.00700312 0.0780245 0.166133 0.16595 0.128535 0.0506854 0.13167 0.114099 0.0631218 
0.159271 0.154222 0.0247492 0.147674 0.107451 0.0723995 0.10385 0.0471082 0.131741 0.0515328 
0.0911922 0.173473 0.0500065 0.0975172 0.128438 0.0202283 0.0841918 0.105809 0.168625 0.0805194 
0.055708 0.16839 0.135438 0.180906 0.0666751 0.0478193 0.0428453 0.132513 0.0237426 0.145963 
0.155425 0.124356 0.0147036 0.0921477 0.0816626 0.0918378 0.12017 0.166835 0.112482 0.0403807 
0.0911619 0.0693312 0.095327 0.143362 0.0685988 0.11562 0.14252 0.05134 0.0708743 0.151865 
0.014049 0.108186 0.0576009 0.116664 0.213463 0.149802 0.0340837 0.0532193 0.22534 0.0275913 
0.195298 0.0635355 0.0648722 0.133365 0.123497 0.0646473 0.199149 0.0618837 0.0347738 0.0589782 
0.144648 0.075687 0.140892 0.11699 0.150978 0.0960206 0.164265 0.000535021 0.0585852 0.0513987 
0.121477 0.135797 0.145664 0.0928478 0.133267 0.022297 0.0177754 0.160423 0.130003 0.0404474 
0.0696719 0.00348362 0.0298096 0.158593 0.133705 0.139112 0.127086 0.00945119 0.153514 0.175573 
0.000511264 0.0759604 0.143083 0.0704502 0.120267 0.0627272 0.106335 0.0511244 0.222347 0.147195 
0.18539 0.0859665 0.0783798 0.0584733 0.114643 0.060598 0.192276 0.0517211 0.108012 0.06454 
0.116266 0.068655 0.181165 0.182003 0.0558857 0.114656 0.092587 0.00485581 0.183049 0.000878211 
0.112696 0.0457513 0.126235 0.0102355 0.150968 0.0155768 0.163981 0.113839 0.10851 0.152207 
0.0375764 0.178184 0.147703 0.0947924 0.0554373 0.115452 0.147278 0.0555223 0.110058 0.0579958 
0.0460875 0.0320665 0.115164 0.18273 0.19008 0.096018 0.0390488 0.149507 0.0374218 0.111876 
0.0106627 0.201106 0.108059 0.00901588 0.0619124 0.0670663 0.119353 0.246612 0.0271039 0.14911 
0.137023 0.0504093 0.105792 0.120088 0.0179192 0.132667 0.0957916 0.0709234 0.115993 0.153393 
0.114322 0.0692552 0.105671 0.109334 0.0968689 0.0463317 0.10378 0.135224 0.137372 0.0818408 
0.0916996 0.0651383 0.13883 0.121391 0.0991381 0.138479 0.137973 0.0471094 0.0476929 0.112549 
0.113308 0.134285 0.00738447 0.117725 0.112347 0.155181 0.150093 0.042155 0.125033 0.042489 
0.150582 0.0430629 0.00699274 0.10245 0.0284942 0.219967 0.228651 0.0011006 0.0990264 0.119673 
0.0253696 0.109801 0.0710142 0.0298618 0.168817 0.20245 0.0141394 0.169175 0.0159898 0.193382 
0.087345 0.201853 0.0015784 0.146676 0.0706468 0.0187454 0.0331939 0.0858911 0.141423 0.212648 
0.167482 0.0765482 0.110248 0.0982717 0.122116 0.175304 0.047137 0.086308 0.0496844 0.0669002 
0.0632988 0.152487 0.215323 0.0395585 0.201599 0.0381295 0.119574 0.033936 0.0259719 0.110123 
0.074062 0.0881242 0.111007 0.0694933 0.141879 0.0650979 0.10525 0.160627 0.13373 0.0507303 
0.0537223 0.155764 0.126769 0.10701 0.0613784 0.0130953 0.0934729 0.125045 0.185632 0.0781109 
0.099133 0.161028 0.158509 0.0959811 0.116665 0.0483627 0.108226 0.0688391 0.0188167 0.12444 
0.0117846 0.149068 0.123885 0.0180903 0.134793 0.131409 0.0300576 0.0967378 0.218475 0.0857006 
0.0305359 0.20496 0.0178577 0.0496802 0.207991 0.0919459 0.11481 0.0101925 0.227569 0.0444574 
0.0488868 0.13329 0.128021 0.186013 0.0839545 0.0736857 0.189911 0.011133 0.0847589 0.060347 
0.171364 0.154045 0.0272396 0.156054 0.0726383 0.0387943 0.163635 0.169542 0.00783095 0.0388577 
0.0579526 0.0312544 0.0897799 0.144698 0.0672388 0.171546 0.073305 0.121052 0.118806 0.124367 
0.199857 0.0613107 0.0753778 0.0247988 0.00239926 0.0824337 0.233641 0.0367324 0.0257591 0.25769 
0.140635 0.107541 0.00260079 0.156218 0.0146195 0.0929645 0.20384 0.090268 0.0117675 0.179546 
0.00833092 0.122313 0.138903 0.106879 0.139017 0.175326 0.0429225 0.0557326 0.0580875 0.152488 
0.2436 0.0139191 0.0235826 0.0212443 0.0984852 0.195615 0.17069 0.088979 0.0575996 0.0862854 
0.0772656 0.0939427 0.158998 0.136452 0.154849 0.0787187 0.0986598 0.118813 0.0235504 0.0587497 
0.0063477 0.00267413 0.105675 0.0557793 0.17286 0.21111 0.0466334 0.0594674 0.206182 0.133271 
0.0861806 0.111744 0.143163 0.0451561 0.0567209 0.163228 0.0524348 0.0692144 0.139881 0.132278 
0.00263291 0.156488 0.144092 0.148495 0.132075 0.140672 0.0119889 0.248562 0.000365219 0.0146292 
0.00962666 0.0278213 0.16366 0.0232829 0.0519976 0.0938087 0.176083 0.161816 0.137689 0.154214 
0.195481 0.0927872 0.0587546 0.0353829 0.103081 0.115102 0.176449 0.08509 0.0180261 0.119846 
0.158968 0.0375448 0.118906 0.136358 0.0652788 0.0835994 0.145184 0.0235565 0.201523 0.0290813 
