0.4 0.4 2.4 0.4 0.4 2.4 0.4 0.4 2.4 0.4 
0.202862 0.0294087 0.0471229 0.0452196 0.00252777 0.18314 0.0699724 0.113064 0.117384 0.189299 
0.154185 0.0080125 0.187703 0.00383252 0.0871184 0.187104 0.122067 0.0296758 0.127724 0.0925786 
0.0937852 0.159483 0.0522216 0.229378 0.184259 0.033437 0.168205 0.032649 0.0219094 0.0246736 
0.0935967 0.170192 0.017039 0.0423742 0.0496282 0.0668926 0.175142 0.0866783 0.133636 0.164821 
0.0600099 0.0502547 0.147793 0.214489 0.15665 0.0380252 0.176057 0.0260674 0.0707039 0.0599491 
0.0473397 0.13316 0.0286184 0.180989 0.110184 0.0684932 0.174958 0.0381805 0.0453084 0.172769 
0.144783 0.215637 0.00123199 0.0472954 0.0372625 0.0721028 0.125393 0.078272 0.164701 0.113321 
0.11652 0.119388 0.11079 0.0936516 0.0168678 0.0987927 0.119715 0.102538 0.130548 0.0911892 
0.0283368 0.0473734 0.0915021 0.210913 0.0141538 0.0002809 0.169022 0.196334 0.0317146 0.21037 
0.104789 0.152939 0.0542918 0.0962456 0.031407 0.129211 0.13919 0.0909484 0.0486949 0.152283 
0.0944365 0.0355634 0.141277 0.131726 0.00363361 0.14227 0.16442 0.180736 0.0856059 0.0203313 
0.085138 0.0182073 0.162895 0.055449 0.171045 0.162908 0.0969735 0.112189 0.0861011 0.049095 
0.0877247 0.143491 0.130915 0.0637761 0.120687 0.0597646 0.144393 0.0921918 0.149385 0.00767207 
0.019655 0.142734 0.0854779 0.021958 0.164257 0.163167 0.122286 0.0649434 0.0931625 0.12236 
0.132358 0.176364 0.0305991 0.107644 0.0443543 0.048705 0.092309 0.184926 0.0238709 0.158869 
0.119613 0.101174 0.0398199 0.151985 0.0878569 0.118152 0.138502 0.110959 0.0424114 0.089526 
0.064111 0.0899024 0.10665 0.104592 0.102633 0.080149 0.0450124 0.156821 0.159863 0.0902661 
0.0364926 0.0252698 0.147697 0.0384014 0.0996587 0.0633009 0.135456 0.14372 0.165297 0.144707 
0.0364421 0.118134 0.147846 0.105567 0.0530986 0.018865 0.117533 0.13458 0.111701 0.156233 
0.00254918 0.000543805 0.0439699 0.152335 0.13075 0.183665 0.146484 0.150634 0.0927042 0.0963643 
0.117599 0.154486 0.114459 0.0387908 0.105486 0.112589 0.0634595 0.118966 0.0379173 0.136247 
0.0477731 0.00235997 0.00611942 0.095929 0.0292904 0.112826 0.141412 0.212769 0.227399 0.124121 
0.129822 0.156047 0.0368618 0.00899856 0.11098 0.206198 0.00747217 0.163651 0.139969 0.0400018 
0.122667 0.178773 0.104624 0.177348 0.120546 0.0355736 0.088607 0.129217 0.00474415 0.0379 
0.149396 0.190148 0.163623 0.00675578 0.110895 0.0521986 0.115201 0.0957688 0.0598244 0.0561892 
0.168281 0.102665 0.0849042 0.0527662 0.0171523 0.068087 0.179836 0.13355 0.113829 0.0789294 
0.123003 0.153965 0.159053 0.157762 0.0532349 0.037177 0.111452 0.128546 0.05305 0.0227561 
0.0996146 0.172395 0.0413352 0.0502118 0.192582 0.014209 0.183938 0.0799495 0.14116 0.0246049 
0.004691 0.15927 0.196604 0.0251616 0.117067 0.204652 0.125383 1.96966e-05 0.0245651 0.142587 
0.12801 0.0206753 0.0867703 0.150552 0.140653 0.0237667 0.133478 0.14099 0.00680162 0.168304 
0.169223 0.175221 0.102638 0.131257 0.0719747 0.0384709 0.0965289 0.0289578 0.0719946 0.113734 
0.157339 0.118786 0.1325 0.10271 0.133866 0.0537562 0.118119 0.129211 0.0430428 0.0106706 
0.0776083 0.157732 0.00413213 0.10052 0.190006 0.23993 0.0299164 0.0548537 0.0812677 0.0640341 
0.123492 0.050919 0.136278 0.0304913 0.106899 0.134539 0.114273 0.127811 0.0626942 0.112604 
0.191498 0.0150825 0.0827125 0.0158916 0.136488 0.0979917 0.0469797 0.211759 0.0651917 0.136405 
0.165506 0.142559 0.16849 0.155502 0.178242 0.0199781 0.0455398 0.0329414 0.0401762 0.051066 
0.176725 0.130804 0.18733 0.0881967 0.00817977 0.178951 0.141089 0.0668792 0.00968322 0.0121622 
0.141659 0.0373945 0.092668 0.0400931 0.148296 0.118171 0.138492 0.178817 0.0317138 0.0726956 
0.103273 0.118981 0.134031 0.115578 0.11531 0.0213802 0.132065 0.0330967 0.0869429 0.139343 
0.092222 0.185704 0.0348417 0.0545505 0.0809348 0.053354 0.141275 0.19421 0.104022 0.0588867 
0.00733851 0.142994 0.170818 0.0851013 0.00102665 0.155403 0.00667827 0.188178 0.153071 0.0893913 
0.282648 0.0282438 0.120487 0.0621654 0.0412332 0.021488 0.102277 0.0819375 0.220186 0.0393336 
0.114914 0.103461 0.101673 0.0959845 0.0768243 0.00669582 0.139482 0.0923142 0.129132 0.13952 
0.157529 0.114062 0.11859 0.184421 0.0233082 0.0171941 0.0277837 0.122642 0.0851305 0.149338 
0.0047891 0.0663573 0.0272579 0.163003 0.173018 0.0258352 0.192251 0.146351 0.081509 0.119628 
0.0344137 0.0992762 0.102422 0.132647 0.112812 0.0695306 0.141876 0.0297184 0.137638 0.139666 
0.144265 0.215799 0.0728645 0.0224721 0.130373 0.124934 0.124325 0.0970194 0.049065 0.0188826 
0.042491 0.0572701 0.101083 0.182448 0.0281574 0.180366 0.119012 0.0194954 0.205771 0.0639053 
0.124707 0.119856 0.0904051 0.0957807 0.11277 0.0642124 0.0998482 0.110726 0.0567069 0.124988 
0.0600201 0.102683 0.124519 0.0479143 0.0570379 0.162686 0.158763 0.0859447 0.104049 0.0963816 
